<?xml version="1.0" encoding="UTF-8"?>
<testng-results skipped="0" failed="0" total="1" passed="1">
  <reporter-output>
  </reporter-output>
  <suite name="Default suite" duration-ms="12880" started-at="2020-10-27T12:12:20Z" finished-at="2020-10-27T12:12:32Z">
    <groups>
    </groups>
    <test name="Default test" duration-ms="12880" started-at="2020-10-27T12:12:20Z" finished-at="2020-10-27T12:12:32Z">
      <class name="automationFramework.com.YatraSignPage_ReadConfig">
        <test-method status="PASS" signature="launchYatraApp()[pri:0, instance:automationFramework.com.YatraSignPage_ReadConfig@3ecf72fd]" name="launchYatraApp" is-config="true" duration-ms="8546" started-at="2020-10-27T17:42:20Z" finished-at="2020-10-27T17:42:28Z">
          <reporter-output>
          </reporter-output>
        </test-method> <!-- launchYatraApp -->
        <test-method status="PASS" signature="yatraSignInPage()[pri:0, instance:automationFramework.com.YatraSignPage_ReadConfig@3ecf72fd]" name="yatraSignInPage" duration-ms="4324" started-at="2020-10-27T17:42:28Z" finished-at="2020-10-27T17:42:32Z">
          <reporter-output>
          </reporter-output>
        </test-method> <!-- yatraSignInPage -->
      </class> <!-- automationFramework.com.YatraSignPage_ReadConfig -->
    </test> <!-- Default test -->
  </suite> <!-- Default suite -->
</testng-results>
